Removed Pin From Net: NetName=GND Pin=J2-1
Removed Pin From Net: NetName=1 Pin=J2-2
Removed Pin From Net: NetName=2 Pin=J2-3
Removed Pin From Net: NetName=3 Pin=J2-4
Removed Pin From Net: NetName=GND Pin=J2-5
Removed Pin From Net: NetName=GND Pin=J3-1
Removed Pin From Net: NetName=7 Pin=J3-2
Removed Pin From Net: NetName=8 Pin=J3-3
Removed Pin From Net: NetName=9 Pin=J3-4
Removed Pin From Net: NetName=GND Pin=J3-5
Removed Pin From Net: NetName=GND Pin=J5-1
Removed Pin From Net: NetName=4 Pin=J5-2
Removed Pin From Net: NetName=5 Pin=J5-3
Removed Pin From Net: NetName=6 Pin=J5-4
Removed Pin From Net: NetName=GND Pin=J5-5
Removed Pin From Net: NetName=GND Pin=J6-1
Removed Pin From Net: NetName=10 Pin=J6-2
Removed Pin From Net: NetName=11 Pin=J6-3
Removed Pin From Net: NetName=12 Pin=J6-4
Removed Pin From Net: NetName=GND Pin=J6-5
Removed Pin From Net: NetName=GND Pin=J8-1
Removed Pin From Net: NetName=16 Pin=J8-2
Removed Pin From Net: NetName=15 Pin=J8-3
Removed Pin From Net: NetName=14 Pin=J8-4
Removed Pin From Net: NetName=GND Pin=J8-5
Removed Member From Class: ClassName=QSTL_MicroDSUB_FFC Member=J2
Removed Member From Class: ClassName=QSTL_MicroDSUB_FFC Member=J3
Removed Member From Class: ClassName=QSTL_MicroDSUB_FFC Member=J5
Removed Member From Class: ClassName=QSTL_MicroDSUB_FFC Member=J6
Removed Member From Class: ClassName=QSTL_MicroDSUB_FFC Member=J8
Change Class Name : Old Net Name=QSTL_MicroDSUB_FFC New Net Name=QSTL_RFSW_LED
Added Rule: Name=Schematic Supply Nets
